<?xml version="1.0" encoding="UTF-8"?>
<!-- Generated by org.testng.reporters.JUnitReportReporter -->
<testsuite hostname="Rajeev-PC" failures="0" tests="2" name="Student.StudentAdd" time="18.227" errors="0" timestamp="2022-08-25T15:17:24 IST" skipped="0">
  <testcase classname="Student.StudentAdd" name="Login" time="16.058"/>
  <system-out/>
  <testcase classname="Student.StudentAdd" name="login_test" time="2.169"/>
  <system-out/>
</testsuite> <!-- Student.StudentAdd -->
