<?xml version="1.0" encoding="UTF-8"?>
<!-- Generated by org.testng.reporters.JUnitReportReporter -->
<testsuite hostname="Rajeev-PC" failures="0" tests="1" name="Student.StudentModule" time="59.401" errors="0" timestamp="2022-09-03T16:30:46 IST" skipped="0">
  <testcase classname="Student.StudentModule" name="main" time="59.401"/>
  <system-out/>
</testsuite> <!-- Student.StudentModule -->
