<?xml version="1.0" encoding="UTF-8"?>
<!-- Generated by org.testng.reporters.JUnitReportReporter -->
<testsuite hostname="Rajeev-PC" failures="0" tests="2" name="Student.StudentModule" time="33.108" errors="0" timestamp="2022-09-01T23:12:46 IST" skipped="0">
  <testcase classname="Student.StudentModule" name="main" time="12.860"/>
  <system-out/>
  <testcase classname="Student.StudentModule" name="registration" time="20.248"/>
  <system-out/>
</testsuite> <!-- Student.StudentModule -->
