<?xml version="1.0" encoding="UTF-8"?>
<!-- Generated by org.testng.reporters.JUnitReportReporter -->
<testsuite hostname="Rajeev-PC" failures="0" tests="7" name="Student.StudentModule" time="311.148" errors="0" timestamp="2022-09-05T15:39:44 IST" skipped="0">
  <testcase classname="Student.StudentModule" name="main" time="11.161"/>
  <system-out/>
  <testcase classname="Student.StudentModule" name="register" time="54.169"/>
  <system-out/>
  <testcase classname="Student.StudentModule" name="login" time="10.121"/>
  <system-out/>
  <testcase classname="Student.StudentModule" name="admission" time="101.954"/>
  <system-out/>
  <testcase classname="Student.StudentModule" name="studentadd" time="42.764"/>
  <system-out/>
  <testcase classname="Student.StudentModule" name="studentedit" time="74.972"/>
  <system-out/>
  <testcase classname="Student.StudentModule" name="studentdelete" time="16.007"/>
  <system-out/>
</testsuite> <!-- Student.StudentModule -->
