<?xml version="1.0" encoding="UTF-8"?>
<!-- Generated by org.testng.reporters.JUnitReportReporter -->
<testsuite hostname="Rajeev-PC" failures="0" tests="1" name="Student.StudentModule" time="21.193" errors="0" timestamp="2022-08-30T11:49:05 IST" skipped="0">
  <testcase classname="Student.StudentModule" name="Login" time="21.193"/>
  <system-out/>
</testsuite> <!-- Student.StudentModule -->
